The system is: Darwin - 20.3.0 - x86_64
Compiling the CXX compiler identification source file "CMakeCXXCompilerId.cpp" succeeded.
Compiler:  
Build flags: 
Id flags:  

The output was:
0
Command line invocation:
    /Applications/Xcode-beta.app/Contents/Developer/usr/bin/xcodebuild

User defaults from command line:
    IDEPackageSupportUseBuiltinSCM = YES

note: Using new build system
note: Planning build
note: Analyzing workspace
note: Constructing build description
note: Build preparation complete
CreateBuildDirectory /Users/pw/GitHub/phulkan/xbuild/CMakeFiles/3.19.6/CompilerIdCXX
    cd /Users/pw/GitHub/phulkan/xbuild/CMakeFiles/3.19.6/CompilerIdCXX/CompilerIdCXX.xcodeproj
    builtin-create-build-directory /Users/pw/GitHub/phulkan/xbuild/CMakeFiles/3.19.6/CompilerIdCXX

warning: Traditional headermap style is no longer supported; please migrate to using separate headermaps and set 'ALWAYS_SEARCH_USER_PATHS' to NO. (in target 'CompilerIdCXX' from project 'CompilerIdCXX')
WriteAuxiliaryFile /Users/pw/GitHub/phulkan/xbuild/CMakeFiles/3.19.6/CompilerIdCXX/CompilerIdCXX.build/Debug/CompilerIdCXX.build/all-product-headers.yaml (in target 'CompilerIdCXX' from project 'CompilerIdCXX')
    cd /Users/pw/GitHub/phulkan/xbuild/CMakeFiles/3.19.6/CompilerIdCXX
    write-file /Users/pw/GitHub/phulkan/xbuild/CMakeFiles/3.19.6/CompilerIdCXX/CompilerIdCXX.build/Debug/CompilerIdCXX.build/all-product-headers.yaml

WriteAuxiliaryFile /Users/pw/GitHub/phulkan/xbuild/CMakeFiles/3.19.6/CompilerIdCXX/CompilerIdCXX.build/Debug/CompilerIdCXX.build/CompilerIdCXX.hmap (in target 'CompilerIdCXX' from project 'CompilerIdCXX')
    cd /Users/pw/GitHub/phulkan/xbuild/CMakeFiles/3.19.6/CompilerIdCXX
    write-file /Users/pw/GitHub/phulkan/xbuild/CMakeFiles/3.19.6/CompilerIdCXX/CompilerIdCXX.build/Debug/CompilerIdCXX.build/CompilerIdCXX.hmap

WriteAuxiliaryFile /Users/pw/GitHub/phulkan/xbuild/CMakeFiles/3.19.6/CompilerIdCXX/CompilerIdCXX.build/Debug/CompilerIdCXX.build/CompilerIdCXX-project-headers.hmap (in target 'CompilerIdCXX' from project 'CompilerIdCXX')
    cd /Users/pw/GitHub/phulkan/xbuild/CMakeFiles/3.19.6/CompilerIdCXX
    write-file /Users/pw/GitHub/phulkan/xbuild/CMakeFiles/3.19.6/CompilerIdCXX/CompilerIdCXX.build/Debug/CompilerIdCXX.build/CompilerIdCXX-project-headers.hmap

WriteAuxiliaryFile /Users/pw/GitHub/phulkan/xbuild/CMakeFiles/3.19.6/CompilerIdCXX/CompilerIdCXX.build/Debug/CompilerIdCXX.build/CompilerIdCXX-own-target-headers.hmap (in target 'CompilerIdCXX' from project 'CompilerIdCXX')
    cd /Users/pw/GitHub/phulkan/xbuild/CMakeFiles/3.19.6/CompilerIdCXX
    write-file /Users/pw/GitHub/phulkan/xbuild/CMakeFiles/3.19.6/CompilerIdCXX/CompilerIdCXX.build/Debug/CompilerIdCXX.build/CompilerIdCXX-own-target-headers.hmap

WriteAuxiliaryFile /Users/pw/GitHub/phulkan/xbuild/CMakeFiles/3.19.6/CompilerIdCXX/CompilerIdCXX.build/Debug/CompilerIdCXX.build/CompilerIdCXX-generated-files.hmap (in target 'CompilerIdCXX' from project 'CompilerIdCXX')
    cd /Users/pw/GitHub/phulkan/xbuild/CMakeFiles/3.19.6/CompilerIdCXX
    write-file /Users/pw/GitHub/phulkan/xbuild/CMakeFiles/3.19.6/CompilerIdCXX/CompilerIdCXX.build/Debug/CompilerIdCXX.build/CompilerIdCXX-generated-files.hmap

WriteAuxiliaryFile /Users/pw/GitHub/phulkan/xbuild/CMakeFiles/3.19.6/CompilerIdCXX/CompilerIdCXX.build/Debug/CompilerIdCXX.build/CompilerIdCXX-all-target-headers.hmap (in target 'CompilerIdCXX' from project 'CompilerIdCXX')
    cd /Users/pw/GitHub/phulkan/xbuild/CMakeFiles/3.19.6/CompilerIdCXX
    write-file /Users/pw/GitHub/phulkan/xbuild/CMakeFiles/3.19.6/CompilerIdCXX/CompilerIdCXX.build/Debug/CompilerIdCXX.build/CompilerIdCXX-all-target-headers.hmap

WriteAuxiliaryFile /Users/pw/GitHub/phulkan/xbuild/CMakeFiles/3.19.6/CompilerIdCXX/CompilerIdCXX.build/Debug/CompilerIdCXX.build/CompilerIdCXX-all-non-framework-target-headers.hmap (in target 'CompilerIdCXX' from project 'CompilerIdCXX')
    cd /Users/pw/GitHub/phulkan/xbuild/CMakeFiles/3.19.6/CompilerIdCXX
    write-file /Users/pw/GitHub/phulkan/xbuild/CMakeFiles/3.19.6/CompilerIdCXX/CompilerIdCXX.build/Debug/CompilerIdCXX.build/CompilerIdCXX-all-non-framework-target-headers.hmap

CompileC /Users/pw/GitHub/phulkan/xbuild/CMakeFiles/3.19.6/CompilerIdCXX/CompilerIdCXX.build/Debug/CompilerIdCXX.build/Objects-normal/x86_64/CMakeCXXCompilerId.o /Users/pw/GitHub/phulkan/xbuild/CMakeFiles/3.19.6/CompilerIdCXX/CMakeCXXCompilerId.cpp normal x86_64 c++ com.apple.compilers.llvm.clang.1_0.compiler (in target 'CompilerIdCXX' from project 'CompilerIdCXX')
    cd /Users/pw/GitHub/phulkan/xbuild/CMakeFiles/3.19.6/CompilerIdCXX
    export LANG\=en_US.US-ASCII
    /Applications/Xcode-beta.app/Contents/Developer/Toolchains/XcodeDefault.xctoolchain/usr/bin/clang -x c++ -target x86_64-apple-macos11.2 -fmessage-length\=0 -fdiagnostics-show-note-include-stack -fmacro-backtrace-limit\=0 -Wno-trigraphs -fpascal-strings -Os -Wno-missing-field-initializers -Wno-missing-prototypes -Wno-return-type -Wno-non-virtual-dtor -Wno-overloaded-virtual -Wno-exit-time-destructors -Wno-missing-braces -Wparentheses -Wswitch -Wno-unused-function -Wno-unused-label -Wno-unused-parameter -Wno-unused-variable -Wunused-value -Wno-empty-body -Wno-uninitialized -Wno-unknown-pragmas -Wno-shadow -Wno-four-char-constants -Wno-conversion -Wno-constant-conversion -Wno-int-conversion -Wno-bool-conversion -Wno-enum-conversion -Wno-float-conversion -Wno-non-literal-null-conversion -Wno-objc-literal-conversion -Wno-shorten-64-to-32 -Wno-newline-eof -Wno-c++11-extensions -isysroot /Applications/Xcode-beta.app/Contents/Developer/Platforms/MacOSX.platform/Developer/SDKs/MacOSX11.3.sdk -fasm-blocks -fstrict-aliasing -Wdeprecated-declarations -Winvalid-offsetof -g -fvisibility\=hidden -fvisibility-inlines-hidden -Wno-sign-conversion -Wno-infinite-recursion -Wno-move -Wno-comma -Wno-block-capture-autoreleasing -Wno-strict-prototypes -Wno-range-loop-analysis -Wno-semicolon-before-method-body -iquote /Users/pw/GitHub/phulkan/xbuild/CMakeFiles/3.19.6/CompilerIdCXX/CompilerIdCXX.build/Debug/CompilerIdCXX.build/CompilerIdCXX-generated-files.hmap -I/Users/pw/GitHub/phulkan/xbuild/CMakeFiles/3.19.6/CompilerIdCXX/CompilerIdCXX.build/Debug/CompilerIdCXX.build/CompilerIdCXX-own-target-headers.hmap -I/Users/pw/GitHub/phulkan/xbuild/CMakeFiles/3.19.6/CompilerIdCXX/CompilerIdCXX.build/Debug/CompilerIdCXX.build/CompilerIdCXX-all-target-headers.hmap -iquote /Users/pw/GitHub/phulkan/xbuild/CMakeFiles/3.19.6/CompilerIdCXX/CompilerIdCXX.build/Debug/CompilerIdCXX.build/CompilerIdCXX-project-headers.hmap -I/Users/pw/GitHub/phulkan/xbuild/CMakeFiles/3.19.6/CompilerIdCXX/include -I/Users/pw/GitHub/phulkan/xbuild/CMakeFiles/3.19.6/CompilerIdCXX/CompilerIdCXX.build/Debug/CompilerIdCXX.build/DerivedSources-normal/x86_64 -I/Users/pw/GitHub/phulkan/xbuild/CMakeFiles/3.19.6/CompilerIdCXX/CompilerIdCXX.build/Debug/CompilerIdCXX.build/DerivedSources/x86_64 -I/Users/pw/GitHub/phulkan/xbuild/CMakeFiles/3.19.6/CompilerIdCXX/CompilerIdCXX.build/Debug/CompilerIdCXX.build/DerivedSources -F/Users/pw/GitHub/phulkan/xbuild/CMakeFiles/3.19.6/CompilerIdCXX -MMD -MT dependencies -MF /Users/pw/GitHub/phulkan/xbuild/CMakeFiles/3.19.6/CompilerIdCXX/CompilerIdCXX.build/Debug/CompilerIdCXX.build/Objects-normal/x86_64/CMakeCXXCompilerId.d --serialize-diagnostics /Users/pw/GitHub/phulkan/xbuild/CMakeFiles/3.19.6/CompilerIdCXX/CompilerIdCXX.build/Debug/CompilerIdCXX.build/Objects-normal/x86_64/CMakeCXXCompilerId.dia -c /Users/pw/GitHub/phulkan/xbuild/CMakeFiles/3.19.6/CompilerIdCXX/CMakeCXXCompilerId.cpp -o /Users/pw/GitHub/phulkan/xbuild/CMakeFiles/3.19.6/CompilerIdCXX/CompilerIdCXX.build/Debug/CompilerIdCXX.build/Objects-normal/x86_64/CMakeCXXCompilerId.o

WriteAuxiliaryFile /Users/pw/GitHub/phulkan/xbuild/CMakeFiles/3.19.6/CompilerIdCXX/CompilerIdCXX.build/Debug/CompilerIdCXX.build/Objects-normal/x86_64/CompilerIdCXX.LinkFileList (in target 'CompilerIdCXX' from project 'CompilerIdCXX')
    cd /Users/pw/GitHub/phulkan/xbuild/CMakeFiles/3.19.6/CompilerIdCXX
    write-file /Users/pw/GitHub/phulkan/xbuild/CMakeFiles/3.19.6/CompilerIdCXX/CompilerIdCXX.build/Debug/CompilerIdCXX.build/Objects-normal/x86_64/CompilerIdCXX.LinkFileList

Ld /Users/pw/GitHub/phulkan/xbuild/CMakeFiles/3.19.6/CompilerIdCXX/CompilerIdCXX normal (in target 'CompilerIdCXX' from project 'CompilerIdCXX')
    cd /Users/pw/GitHub/phulkan/xbuild/CMakeFiles/3.19.6/CompilerIdCXX
    /Applications/Xcode-beta.app/Contents/Developer/Toolchains/XcodeDefault.xctoolchain/usr/bin/clang++ -target x86_64-apple-macos11.2 -isysroot /Applications/Xcode-beta.app/Contents/Developer/Platforms/MacOSX.platform/Developer/SDKs/MacOSX11.3.sdk -L/Users/pw/GitHub/phulkan/xbuild/CMakeFiles/3.19.6/CompilerIdCXX -F/Users/pw/GitHub/phulkan/xbuild/CMakeFiles/3.19.6/CompilerIdCXX -filelist /Users/pw/GitHub/phulkan/xbuild/CMakeFiles/3.19.6/CompilerIdCXX/CompilerIdCXX.build/Debug/CompilerIdCXX.build/Objects-normal/x86_64/CompilerIdCXX.LinkFileList -Xlinker -object_path_lto -Xlinker /Users/pw/GitHub/phulkan/xbuild/CMakeFiles/3.19.6/CompilerIdCXX/CompilerIdCXX.build/Debug/CompilerIdCXX.build/Objects-normal/x86_64/CompilerIdCXX_lto.o -Xlinker -dependency_info -Xlinker /Users/pw/GitHub/phulkan/xbuild/CMakeFiles/3.19.6/CompilerIdCXX/CompilerIdCXX.build/Debug/CompilerIdCXX.build/Objects-normal/x86_64/CompilerIdCXX_dependency_info.dat -o /Users/pw/GitHub/phulkan/xbuild/CMakeFiles/3.19.6/CompilerIdCXX/CompilerIdCXX

WriteAuxiliaryFile /Users/pw/GitHub/phulkan/xbuild/CMakeFiles/3.19.6/CompilerIdCXX/CompilerIdCXX.build/Debug/CompilerIdCXX.build/Script-2C8FEB8E15DC1A1A00E56A5D.sh (in target 'CompilerIdCXX' from project 'CompilerIdCXX')
    cd /Users/pw/GitHub/phulkan/xbuild/CMakeFiles/3.19.6/CompilerIdCXX
    write-file /Users/pw/GitHub/phulkan/xbuild/CMakeFiles/3.19.6/CompilerIdCXX/CompilerIdCXX.build/Debug/CompilerIdCXX.build/Script-2C8FEB8E15DC1A1A00E56A5D.sh

PhaseScriptExecution Run\ Script /Users/pw/GitHub/phulkan/xbuild/CMakeFiles/3.19.6/CompilerIdCXX/CompilerIdCXX.build/Debug/CompilerIdCXX.build/Script-2C8FEB8E15DC1A1A00E56A5D.sh (in target 'CompilerIdCXX' from project 'CompilerIdCXX')
    cd /Users/pw/GitHub/phulkan/xbuild/CMakeFiles/3.19.6/CompilerIdCXX
    /bin/sh -c /Users/pw/GitHub/phulkan/xbuild/CMakeFiles/3.19.6/CompilerIdCXX/CompilerIdCXX.build/Debug/CompilerIdCXX.build/Script-2C8FEB8E15DC1A1A00E56A5D.sh
GCC_VERSION=com.apple.compilers.llvm.clang.1_0
ARCHS=x86_64

RegisterExecutionPolicyException /Users/pw/GitHub/phulkan/xbuild/CMakeFiles/3.19.6/CompilerIdCXX/CompilerIdCXX (in target 'CompilerIdCXX' from project 'CompilerIdCXX')
    cd /Users/pw/GitHub/phulkan/xbuild/CMakeFiles/3.19.6/CompilerIdCXX
    builtin-RegisterExecutionPolicyException /Users/pw/GitHub/phulkan/xbuild/CMakeFiles/3.19.6/CompilerIdCXX/CompilerIdCXX

** BUILD SUCCEEDED **



Compilation of the CXX compiler identification source "CMakeCXXCompilerId.cpp" produced "CompilerIdCXX"

The CXX compiler identification is AppleClang, found in "/Users/pw/GitHub/phulkan/xbuild/CMakeFiles/3.19.6/CompilerIdCXX/CompilerIdCXX"

Detecting CXX compiler ABI info compiled with the following output:
Change Dir: /Users/pw/GitHub/phulkan/xbuild/CMakeFiles/CMakeTmp

Run Build Command(s):/usr/bin/xcodebuild -project CMAKE_TRY_COMPILE.xcodeproj build -target cmTC_893a8 -parallelizeTargets -configuration Debug -hideShellScriptEnvironment && Command line invocation:
    /Applications/Xcode-beta.app/Contents/Developer/usr/bin/xcodebuild -project CMAKE_TRY_COMPILE.xcodeproj build -target cmTC_893a8 -parallelizeTargets -configuration Debug -hideShellScriptEnvironment

User defaults from command line:
    HideShellScriptEnvironment = YES
    IDEPackageSupportUseBuiltinSCM = YES

2021-02-27 15:49:50.434 xcodebuild[58450:1341220]  DVTAssertions: Warning in /Library/Caches/com.apple.xbs/Sources/DVTiOSFrameworks/DVTiOSFrameworks-18101/DTDeviceKitBase/DTDKRemoteDeviceData.m:371
Details:  (null) deviceType from 00008020-001D30223C20802E was NULL when -platform called.
Object:   <DTDKMobileDeviceToken: 0x7fe52baffb70>
Method:   -platform
Thread:   <NSThread: 0x7fe528c24420>{number = 2, name = (null)}
Please file a bug at https://feedbackassistant.apple.com with this warning message and any useful information you can provide.
2021-02-27 15:49:50.717 xcodebuild[58450:1341220]  DVTAssertions: Warning in /Library/Caches/com.apple.xbs/Sources/DVTiOSFrameworks/DVTiOSFrameworks-18101/DTDeviceKitBase/DTDKRemoteDeviceData.m:371
Details:  (null) deviceType from 00008020-001D30223C20802E was NULL when -platform called.
Object:   <DTDKMobileDeviceToken: 0x7fe52baffb70>
Method:   -platform
Thread:   <NSThread: 0x7fe528c24420>{number = 2, name = (null)}
Please file a bug at https://feedbackassistant.apple.com with this warning message and any useful information you can provide.
note: Using new build system
note: Building targets in parallel
note: Planning build
note: Analyzing workspace
note: Constructing build description
note: Build preparation complete
CreateBuildDirectory /Users/pw/GitHub/phulkan/xbuild/CMakeFiles/CMakeTmp
    cd /Users/pw/GitHub/phulkan/xbuild/CMakeFiles/CMakeTmp/CMAKE_TRY_COMPILE.xcodeproj
    builtin-create-build-directory /Users/pw/GitHub/phulkan/xbuild/CMakeFiles/CMakeTmp

CreateBuildDirectory /Users/pw/GitHub/phulkan/xbuild/CMakeFiles/CMakeTmp/Debug
    cd /Users/pw/GitHub/phulkan/xbuild/CMakeFiles/CMakeTmp/CMAKE_TRY_COMPILE.xcodeproj
    builtin-create-build-directory /Users/pw/GitHub/phulkan/xbuild/CMakeFiles/CMakeTmp/Debug

CompileC /Users/pw/GitHub/phulkan/xbuild/CMakeFiles/CMakeTmp/CMAKE_TRY_COMPILE.build/Debug/cmTC_893a8.build/Objects-normal/x86_64/CMakeCXXCompilerABI.o /usr/local/Cellar/cmake/3.19.6/share/cmake/Modules/CMakeCXXCompilerABI.cpp normal x86_64 c++ com.apple.compilers.llvm.clang.1_0.compiler (in target 'cmTC_893a8' from project 'CMAKE_TRY_COMPILE')
    cd /Users/pw/GitHub/phulkan/xbuild/CMakeFiles/CMakeTmp
    /Applications/Xcode-beta.app/Contents/Developer/Toolchains/XcodeDefault.xctoolchain/usr/bin/clang -x c++ -target x86_64-apple-macos11.2 -fmessage-length\=0 -fdiagnostics-show-note-include-stack -fmacro-backtrace-limit\=0 -Wno-trigraphs -fpascal-strings -O0 -Wno-missing-field-initializers -Wno-missing-prototypes -Wno-return-type -Wno-non-virtual-dtor -Wno-overloaded-virtual -Wno-exit-time-destructors -Wno-missing-braces -Wparentheses -Wswitch -Wno-unused-function -Wno-unused-label -Wno-unused-parameter -Wno-unused-variable -Wunused-value -Wno-empty-body -Wno-uninitialized -Wno-unknown-pragmas -Wno-shadow -Wno-four-char-constants -Wno-conversion -Wno-constant-conversion -Wno-int-conversion -Wno-bool-conversion -Wno-enum-conversion -Wno-float-conversion -Wno-non-literal-null-conversion -Wno-objc-literal-conversion -Wno-shorten-64-to-32 -Wno-newline-eof -Wno-c++11-extensions -DCMAKE_INTDIR\=\"Debug\" -isysroot /Applications/Xcode-beta.app/Contents/Developer/Platforms/MacOSX.platform/Developer/SDKs/MacOSX11.3.sdk -fasm-blocks -fstrict-aliasing -Wdeprecated-declarations -Winvalid-offsetof -g -Wno-sign-conversion -Wno-infinite-recursion -Wno-move -Wno-comma -Wno-block-capture-autoreleasing -Wno-strict-prototypes -Wno-range-loop-analysis -Wno-semicolon-before-method-body -I/Users/pw/GitHub/phulkan/xbuild/CMakeFiles/CMakeTmp/Debug/include -I/Users/pw/GitHub/phulkan/xbuild/CMakeFiles/CMakeTmp/CMAKE_TRY_COMPILE.build/Debug/cmTC_893a8.build/DerivedSources-normal/x86_64 -I/Users/pw/GitHub/phulkan/xbuild/CMakeFiles/CMakeTmp/CMAKE_TRY_COMPILE.build/Debug/cmTC_893a8.build/DerivedSources/x86_64 -I/Users/pw/GitHub/phulkan/xbuild/CMakeFiles/CMakeTmp/CMAKE_TRY_COMPILE.build/Debug/cmTC_893a8.build/DerivedSources -F/Users/pw/GitHub/phulkan/xbuild/CMakeFiles/CMakeTmp/Debug -v -Wl,-v -MMD -MT dependencies -MF /Users/pw/GitHub/phulkan/xbuild/CMakeFiles/CMakeTmp/CMAKE_TRY_COMPILE.build/Debug/cmTC_893a8.build/Objects-normal/x86_64/CMakeCXXCompilerABI.d --serialize-diagnostics /Users/pw/GitHub/phulkan/xbuild/CMakeFiles/CMakeTmp/CMAKE_TRY_COMPILE.build/Debug/cmTC_893a8.build/Objects-normal/x86_64/CMakeCXXCompilerABI.dia -c /usr/local/Cellar/cmake/3.19.6/share/cmake/Modules/CMakeCXXCompilerABI.cpp -o /Users/pw/GitHub/phulkan/xbuild/CMakeFiles/CMakeTmp/CMAKE_TRY_COMPILE.build/Debug/cmTC_893a8.build/Objects-normal/x86_64/CMakeCXXCompilerABI.o
Apple clang version 12.0.5 (clang-1205.0.19.34)
Target: x86_64-apple-macos11.2
Thread model: posix
InstalledDir: /Applications/Xcode-beta.app/Contents/Developer/Toolchains/XcodeDefault.xctoolchain/usr/bin
clang: warning: -Wl,-v: 'linker' input unused [-Wunused-command-line-argument]
 "/Applications/Xcode-beta.app/Contents/Developer/Toolchains/XcodeDefault.xctoolchain/usr/bin/clang" -cc1 -triple x86_64-apple-macosx11.2.0 -Wundef-prefix=TARGET_OS_ -Werror=undef-prefix -Wdeprecated-objc-isa-usage -Werror=deprecated-objc-isa-usage -Werror=implicit-function-declaration -emit-obj -mrelax-all -disable-free -disable-llvm-verifier -discard-value-names -main-file-name CMakeCXXCompilerABI.cpp -mrelocation-model pic -pic-level 2 -mframe-pointer=all -fno-strict-return -fno-rounding-math -munwind-tables -target-sdk-version=11.3 -fvisibility-inlines-hidden-static-local-var -target-cpu penryn -debug-info-kind=standalone -dwarf-version=4 -debugger-tuning=lldb -target-linker-version 650.8 -v -resource-dir /Applications/Xcode-beta.app/Contents/Developer/Toolchains/XcodeDefault.xctoolchain/usr/lib/clang/12.0.5 -dependency-file /Users/pw/GitHub/phulkan/xbuild/CMakeFiles/CMakeTmp/CMAKE_TRY_COMPILE.build/Debug/cmTC_893a8.build/Objects-normal/x86_64/CMakeCXXCompilerABI.d -skip-unused-modulemap-deps -MT dependencies -isysroot /Applications/Xcode-beta.app/Contents/Developer/Platforms/MacOSX.platform/Developer/SDKs/MacOSX11.3.sdk -D "CMAKE_INTDIR=\"Debug\"" -I /Users/pw/GitHub/phulkan/xbuild/CMakeFiles/CMakeTmp/Debug/include -I /Users/pw/GitHub/phulkan/xbuild/CMakeFiles/CMakeTmp/CMAKE_TRY_COMPILE.build/Debug/cmTC_893a8.build/DerivedSources-normal/x86_64 -I /Users/pw/GitHub/phulkan/xbuild/CMakeFiles/CMakeTmp/CMAKE_TRY_COMPILE.build/Debug/cmTC_893a8.build/DerivedSources/x86_64 -I /Users/pw/GitHub/phulkan/xbuild/CMakeFiles/CMakeTmp/CMAKE_TRY_COMPILE.build/Debug/cmTC_893a8.build/DerivedSources -F/Users/pw/GitHub/phulkan/xbuild/CMakeFiles/CMakeTmp/Debug -stdlib=libc++ -internal-isystem /Applications/Xcode-beta.app/Contents/Developer/Platforms/MacOSX.platform/Developer/SDKs/MacOSX11.3.sdk/usr/include/c++/v1 -internal-isystem /Applications/Xcode-beta.app/Contents/Developer/Platforms/MacOSX.platform/Developer/SDKs/MacOSX11.3.sdk/usr/local/include -internal-isystem /Applications/Xcode-beta.app/Contents/Developer/Toolchains/XcodeDefault.xctoolchain/usr/lib/clang/12.0.5/include -internal-externc-isystem /Applications/Xcode-beta.app/Contents/Developer/Platforms/MacOSX.platform/Developer/SDKs/MacOSX11.3.sdk/usr/include -internal-externc-isystem /Applications/Xcode-beta.app/Contents/Developer/Toolchains/XcodeDefault.xctoolchain/usr/include -O0 -Wno-trigraphs -Wno-missing-field-initializers -Wno-missing-prototypes -Wno-return-type -Wno-non-virtual-dtor -Wno-overloaded-virtual -Wno-exit-time-destructors -Wno-missing-braces -Wparentheses -Wswitch -Wno-unused-function -Wno-unused-label -Wno-unused-parameter -Wno-unused-variable -Wunused-value -Wno-empty-body -Wno-uninitialized -Wno-unknown-pragmas -Wno-shadow -Wno-four-char-constants -Wno-conversion -Wno-constant-conversion -Wno-int-conversion -Wno-bool-conversion -Wno-enum-conversion -Wno-float-conversion -Wno-non-literal-null-conversion -Wno-objc-literal-conversion -Wno-shorten-64-to-32 -Wno-newline-eof -Wno-c++11-extensions -Wdeprecated-declarations -Winvalid-offsetof -Wno-sign-conversion -Wno-infinite-recursion -Wno-move -Wno-comma -Wno-block-capture-autoreleasing -Wno-strict-prototypes -Wno-range-loop-analysis -Wno-semicolon-before-method-body -Wno-reorder-init-list -Wno-implicit-int-float-conversion -Wno-c99-designator -Wno-final-dtor-non-final-class -Wno-extra-semi-stmt -Wno-misleading-indentation -Wno-quoted-include-in-framework-header -Wno-implicit-fallthrough -Wno-enum-enum-conversion -Wno-enum-float-conversion -Wno-elaborated-enum-base -fdeprecated-macro -fdebug-compilation-dir /Users/pw/GitHub/phulkan/xbuild/CMakeFiles/CMakeTmp -ferror-limit 19 -fmacro-backtrace-limit 0 -stack-protector 1 -fstack-check -mdarwin-stkchk-strong-link -fblocks -fencode-extended-block-signature -fregister-global-dtors-with-atexit -fgnuc-version=4.2.1 -fcxx-exceptions -fexceptions -fpascal-strings -fmax-type-align=16 -fcommon -fdiagnostics-show-note-include-stack -fasm-blocks -serialize-diagnostic-file /Users/pw/GitHub/phulkan/xbuild/CMakeFiles/CMakeTmp/CMAKE_TRY_COMPILE.build/Debug/cmTC_893a8.build/Objects-normal/x86_64/CMakeCXXCompilerABI.dia -clang-vendor-feature=+disableNonDependentMemberExprInCurrentInstantiation -fno-odr-hash-protocols -mllvm -disable-aligned-alloc-awareness=1 -o /Users/pw/GitHub/phulkan/xbuild/CMakeFiles/CMakeTmp/CMAKE_TRY_COMPILE.build/Debug/cmTC_893a8.build/Objects-normal/x86_64/CMakeCXXCompilerABI.o -x c++ /usr/local/Cellar/cmake/3.19.6/share/cmake/Modules/CMakeCXXCompilerABI.cpp
clang -cc1 version 12.0.5 (clang-1205.0.19.34) default target x86_64-apple-darwin20.3.0
ignoring nonexistent directory "/Users/pw/GitHub/phulkan/xbuild/CMakeFiles/CMakeTmp/Debug/include"
ignoring nonexistent directory "/Users/pw/GitHub/phulkan/xbuild/CMakeFiles/CMakeTmp/CMAKE_TRY_COMPILE.build/Debug/cmTC_893a8.build/DerivedSources-normal/x86_64"
ignoring nonexistent directory "/Users/pw/GitHub/phulkan/xbuild/CMakeFiles/CMakeTmp/CMAKE_TRY_COMPILE.build/Debug/cmTC_893a8.build/DerivedSources/x86_64"
ignoring nonexistent directory "/Users/pw/GitHub/phulkan/xbuild/CMakeFiles/CMakeTmp/CMAKE_TRY_COMPILE.build/Debug/cmTC_893a8.build/DerivedSources"
ignoring nonexistent directory "/Applications/Xcode-beta.app/Contents/Developer/Platforms/MacOSX.platform/Developer/SDKs/MacOSX11.3.sdk/usr/local/include"
ignoring nonexistent directory "/Applications/Xcode-beta.app/Contents/Developer/Platforms/MacOSX.platform/Developer/SDKs/MacOSX11.3.sdk/Library/Frameworks"
#include "..." search starts here:
#include <...> search starts here:
 /Users/pw/GitHub/phulkan/xbuild/CMakeFiles/CMakeTmp/Debug (framework directory)
 /Applications/Xcode-beta.app/Contents/Developer/Platforms/MacOSX.platform/Developer/SDKs/MacOSX11.3.sdk/usr/include/c++/v1
 /Applications/Xcode-beta.app/Contents/Developer/Toolchains/XcodeDefault.xctoolchain/usr/lib/clang/12.0.5/include
 /Applications/Xcode-beta.app/Contents/Developer/Platforms/MacOSX.platform/Developer/SDKs/MacOSX11.3.sdk/usr/include
 /Applications/Xcode-beta.app/Contents/Developer/Toolchains/XcodeDefault.xctoolchain/usr/include
 /Applications/Xcode-beta.app/Contents/Developer/Platforms/MacOSX.platform/Developer/SDKs/MacOSX11.3.sdk/System/Library/Frameworks (framework directory)
End of search list.

WriteAuxiliaryFile /Users/pw/GitHub/phulkan/xbuild/CMakeFiles/CMakeTmp/CMAKE_TRY_COMPILE.build/Debug/cmTC_893a8.build/Objects-normal/x86_64/cmTC_893a8.LinkFileList (in target 'cmTC_893a8' from project 'CMAKE_TRY_COMPILE')
    cd /Users/pw/GitHub/phulkan/xbuild/CMakeFiles/CMakeTmp
    write-file /Users/pw/GitHub/phulkan/xbuild/CMakeFiles/CMakeTmp/CMAKE_TRY_COMPILE.build/Debug/cmTC_893a8.build/Objects-normal/x86_64/cmTC_893a8.LinkFileList

Ld /Users/pw/GitHub/phulkan/xbuild/CMakeFiles/CMakeTmp/Debug/cmTC_893a8 normal (in target 'cmTC_893a8' from project 'CMAKE_TRY_COMPILE')
    cd /Users/pw/GitHub/phulkan/xbuild/CMakeFiles/CMakeTmp
    /Applications/Xcode-beta.app/Contents/Developer/Toolchains/XcodeDefault.xctoolchain/usr/bin/clang++ -target x86_64-apple-macos11.2 -isysroot /Applications/Xcode-beta.app/Contents/Developer/Platforms/MacOSX.platform/Developer/SDKs/MacOSX11.3.sdk -L/Users/pw/GitHub/phulkan/xbuild/CMakeFiles/CMakeTmp/Debug -F/Users/pw/GitHub/phulkan/xbuild/CMakeFiles/CMakeTmp/Debug -filelist /Users/pw/GitHub/phulkan/xbuild/CMakeFiles/CMakeTmp/CMAKE_TRY_COMPILE.build/Debug/cmTC_893a8.build/Objects-normal/x86_64/cmTC_893a8.LinkFileList -Xlinker -object_path_lto -Xlinker /Users/pw/GitHub/phulkan/xbuild/CMakeFiles/CMakeTmp/CMAKE_TRY_COMPILE.build/Debug/cmTC_893a8.build/Objects-normal/x86_64/cmTC_893a8_lto.o -Xlinker -no_deduplicate -L/usr/local/opt/qt/lib -v -Wl,-v -Wl,-search_paths_first -Wl,-headerpad_max_install_names -Xlinker -dependency_info -Xlinker /Users/pw/GitHub/phulkan/xbuild/CMakeFiles/CMakeTmp/CMAKE_TRY_COMPILE.build/Debug/cmTC_893a8.build/Objects-normal/x86_64/cmTC_893a8_dependency_info.dat -o /Users/pw/GitHub/phulkan/xbuild/CMakeFiles/CMakeTmp/Debug/cmTC_893a8
Apple clang version 12.0.5 (clang-1205.0.19.34)
Target: x86_64-apple-macos11.2
Thread model: posix
InstalledDir: /Applications/Xcode-beta.app/Contents/Developer/Toolchains/XcodeDefault.xctoolchain/usr/bin
 "/Applications/Xcode-beta.app/Contents/Developer/Toolchains/XcodeDefault.xctoolchain/usr/bin/ld" -demangle -lto_library /Applications/Xcode-beta.app/Contents/Developer/Toolchains/XcodeDefault.xctoolchain/usr/lib/libLTO.dylib -dynamic -arch x86_64 -platform_version macos 11.2.0 11.3 -syslibroot /Applications/Xcode-beta.app/Contents/Developer/Platforms/MacOSX.platform/Developer/SDKs/MacOSX11.3.sdk -o /Users/pw/GitHub/phulkan/xbuild/CMakeFiles/CMakeTmp/Debug/cmTC_893a8 -L/Users/pw/GitHub/phulkan/xbuild/CMakeFiles/CMakeTmp/Debug -L/usr/local/opt/qt/lib -filelist /Users/pw/GitHub/phulkan/xbuild/CMakeFiles/CMakeTmp/CMAKE_TRY_COMPILE.build/Debug/cmTC_893a8.build/Objects-normal/x86_64/cmTC_893a8.LinkFileList -object_path_lto /Users/pw/GitHub/phulkan/xbuild/CMakeFiles/CMakeTmp/CMAKE_TRY_COMPILE.build/Debug/cmTC_893a8.build/Objects-normal/x86_64/cmTC_893a8_lto.o -no_deduplicate -v -search_paths_first -headerpad_max_install_names -dependency_info /Users/pw/GitHub/phulkan/xbuild/CMakeFiles/CMakeTmp/CMAKE_TRY_COMPILE.build/Debug/cmTC_893a8.build/Objects-normal/x86_64/cmTC_893a8_dependency_info.dat -lc++ -lSystem /Applications/Xcode-beta.app/Contents/Developer/Toolchains/XcodeDefault.xctoolchain/usr/lib/clang/12.0.5/lib/darwin/libclang_rt.osx.a -F/Users/pw/GitHub/phulkan/xbuild/CMakeFiles/CMakeTmp/Debug
@(#)PROGRAM:ld  PROJECT:ld64-650.8
BUILD 16:37:17 Jan 22 2021
configured to support archs: armv6 armv7 armv7s arm64 arm64e arm64_32 i386 x86_64 x86_64h armv6m armv7k armv7m armv7em
Library search paths:
	/Users/pw/GitHub/phulkan/xbuild/CMakeFiles/CMakeTmp/Debug
	/usr/local/opt/qt/lib
	/Applications/Xcode-beta.app/Contents/Developer/Platforms/MacOSX.platform/Developer/SDKs/MacOSX11.3.sdk/usr/lib
Framework search paths:
	/Users/pw/GitHub/phulkan/xbuild/CMakeFiles/CMakeTmp/Debug
	/Applications/Xcode-beta.app/Contents/Developer/Platforms/MacOSX.platform/Developer/SDKs/MacOSX11.3.sdk/System/Library/Frameworks/

RegisterExecutionPolicyException /Users/pw/GitHub/phulkan/xbuild/CMakeFiles/CMakeTmp/Debug/cmTC_893a8 (in target 'cmTC_893a8' from project 'CMAKE_TRY_COMPILE')
    cd /Users/pw/GitHub/phulkan/xbuild/CMakeFiles/CMakeTmp
    builtin-RegisterExecutionPolicyException /Users/pw/GitHub/phulkan/xbuild/CMakeFiles/CMakeTmp/Debug/cmTC_893a8

** BUILD SUCCEEDED **




Parsed CXX implicit include dir info from above output: rv=done
  found start of include info
  found start of implicit include info
    add: [/Applications/Xcode-beta.app/Contents/Developer/Platforms/MacOSX.platform/Developer/SDKs/MacOSX11.3.sdk/usr/include/c++/v1]
    add: [/Applications/Xcode-beta.app/Contents/Developer/Toolchains/XcodeDefault.xctoolchain/usr/lib/clang/12.0.5/include]
    add: [/Applications/Xcode-beta.app/Contents/Developer/Platforms/MacOSX.platform/Developer/SDKs/MacOSX11.3.sdk/usr/include]
    add: [/Applications/Xcode-beta.app/Contents/Developer/Toolchains/XcodeDefault.xctoolchain/usr/include]
  end of search list found
  collapse include dir [/Applications/Xcode-beta.app/Contents/Developer/Platforms/MacOSX.platform/Developer/SDKs/MacOSX11.3.sdk/usr/include/c++/v1] ==> [/Applications/Xcode-beta.app/Contents/Developer/Platforms/MacOSX.platform/Developer/SDKs/MacOSX11.3.sdk/usr/include/c++/v1]
  collapse include dir [/Applications/Xcode-beta.app/Contents/Developer/Toolchains/XcodeDefault.xctoolchain/usr/lib/clang/12.0.5/include] ==> [/Applications/Xcode-beta.app/Contents/Developer/Toolchains/XcodeDefault.xctoolchain/usr/lib/clang/12.0.5/include]
  collapse include dir [/Applications/Xcode-beta.app/Contents/Developer/Platforms/MacOSX.platform/Developer/SDKs/MacOSX11.3.sdk/usr/include] ==> [/Applications/Xcode-beta.app/Contents/Developer/Platforms/MacOSX.platform/Developer/SDKs/MacOSX11.3.sdk/usr/include]
  collapse include dir [/Applications/Xcode-beta.app/Contents/Developer/Toolchains/XcodeDefault.xctoolchain/usr/include] ==> [/Applications/Xcode-beta.app/Contents/Developer/Toolchains/XcodeDefault.xctoolchain/usr/include]
  implicit include dirs: [/Applications/Xcode-beta.app/Contents/Developer/Platforms/MacOSX.platform/Developer/SDKs/MacOSX11.3.sdk/usr/include/c++/v1;/Applications/Xcode-beta.app/Contents/Developer/Toolchains/XcodeDefault.xctoolchain/usr/lib/clang/12.0.5/include;/Applications/Xcode-beta.app/Contents/Developer/Platforms/MacOSX.platform/Developer/SDKs/MacOSX11.3.sdk/usr/include;/Applications/Xcode-beta.app/Contents/Developer/Toolchains/XcodeDefault.xctoolchain/usr/include]


Parsed CXX implicit link information from above output:
  link line regex: [^( *|.*[/\])(ld|CMAKE_LINK_STARTFILE-NOTFOUND|([^/\]+-)?ld|collect2)[^/\]*( |$)]
  ignore line: [Change Dir: /Users/pw/GitHub/phulkan/xbuild/CMakeFiles/CMakeTmp]
  ignore line: []
  ignore line: [Run Build Command(s):/usr/bin/xcodebuild -project CMAKE_TRY_COMPILE.xcodeproj build -target cmTC_893a8 -parallelizeTargets -configuration Debug -hideShellScriptEnvironment && Command line invocation:]
  ignore line: [    /Applications/Xcode-beta.app/Contents/Developer/usr/bin/xcodebuild -project CMAKE_TRY_COMPILE.xcodeproj build -target cmTC_893a8 -parallelizeTargets -configuration Debug -hideShellScriptEnvironment]
  ignore line: []
  ignore line: [User defaults from command line:]
  ignore line: [    HideShellScriptEnvironment = YES]
  ignore line: [    IDEPackageSupportUseBuiltinSCM = YES]
  ignore line: []
  ignore line: [2021-02-27 15:49:50.434 xcodebuild[58450:1341220]  DVTAssertions: Warning in /Library/Caches/com.apple.xbs/Sources/DVTiOSFrameworks/DVTiOSFrameworks-18101/DTDeviceKitBase/DTDKRemoteDeviceData.m:371]
  ignore line: [Details:  (null) deviceType from 00008020-001D30223C20802E was NULL when -platform called.]
  ignore line: [Object:   <DTDKMobileDeviceToken: 0x7fe52baffb70>]
  ignore line: [Method:   -platform]
  ignore line: [Thread:   <NSThread: 0x7fe528c24420>{number = 2  name = (null)}]
  ignore line: [Please file a bug at https://feedbackassistant.apple.com with this warning message and any useful information you can provide.]
  ignore line: [2021-02-27 15:49:50.717 xcodebuild[58450:1341220]  DVTAssertions: Warning in /Library/Caches/com.apple.xbs/Sources/DVTiOSFrameworks/DVTiOSFrameworks-18101/DTDeviceKitBase/DTDKRemoteDeviceData.m:371]
  ignore line: [Details:  (null) deviceType from 00008020-001D30223C20802E was NULL when -platform called.]
  ignore line: [Object:   <DTDKMobileDeviceToken: 0x7fe52baffb70>]
  ignore line: [Method:   -platform]
  ignore line: [Thread:   <NSThread: 0x7fe528c24420>{number = 2  name = (null)}]
  ignore line: [Please file a bug at https://feedbackassistant.apple.com with this warning message and any useful information you can provide.]
  ignore line: [note: Using new build system]
  ignore line: [note: Building targets in parallel]
  ignore line: [note: Planning build]
  ignore line: [note: Analyzing workspace]
  ignore line: [note: Constructing build description]
  ignore line: [note: Build preparation complete]
  ignore line: [CreateBuildDirectory /Users/pw/GitHub/phulkan/xbuild/CMakeFiles/CMakeTmp]
  ignore line: [    cd /Users/pw/GitHub/phulkan/xbuild/CMakeFiles/CMakeTmp/CMAKE_TRY_COMPILE.xcodeproj]
  ignore line: [    builtin-create-build-directory /Users/pw/GitHub/phulkan/xbuild/CMakeFiles/CMakeTmp]
  ignore line: []
  ignore line: [CreateBuildDirectory /Users/pw/GitHub/phulkan/xbuild/CMakeFiles/CMakeTmp/Debug]
  ignore line: [    cd /Users/pw/GitHub/phulkan/xbuild/CMakeFiles/CMakeTmp/CMAKE_TRY_COMPILE.xcodeproj]
  ignore line: [    builtin-create-build-directory /Users/pw/GitHub/phulkan/xbuild/CMakeFiles/CMakeTmp/Debug]
  ignore line: []
  ignore line: [CompileC /Users/pw/GitHub/phulkan/xbuild/CMakeFiles/CMakeTmp/CMAKE_TRY_COMPILE.build/Debug/cmTC_893a8.build/Objects-normal/x86_64/CMakeCXXCompilerABI.o /usr/local/Cellar/cmake/3.19.6/share/cmake/Modules/CMakeCXXCompilerABI.cpp normal x86_64 c++ com.apple.compilers.llvm.clang.1_0.compiler (in target 'cmTC_893a8' from project 'CMAKE_TRY_COMPILE')]
  ignore line: [    cd /Users/pw/GitHub/phulkan/xbuild/CMakeFiles/CMakeTmp]
  ignore line: [    /Applications/Xcode-beta.app/Contents/Developer/Toolchains/XcodeDefault.xctoolchain/usr/bin/clang -x c++ -target x86_64-apple-macos11.2 -fmessage-length\=0 -fdiagnostics-show-note-include-stack -fmacro-backtrace-limit\=0 -Wno-trigraphs -fpascal-strings -O0 -Wno-missing-field-initializers -Wno-missing-prototypes -Wno-return-type -Wno-non-virtual-dtor -Wno-overloaded-virtual -Wno-exit-time-destructors -Wno-missing-braces -Wparentheses -Wswitch -Wno-unused-function -Wno-unused-label -Wno-unused-parameter -Wno-unused-variable -Wunused-value -Wno-empty-body -Wno-uninitialized -Wno-unknown-pragmas -Wno-shadow -Wno-four-char-constants -Wno-conversion -Wno-constant-conversion -Wno-int-conversion -Wno-bool-conversion -Wno-enum-conversion -Wno-float-conversion -Wno-non-literal-null-conversion -Wno-objc-literal-conversion -Wno-shorten-64-to-32 -Wno-newline-eof -Wno-c++11-extensions -DCMAKE_INTDIR\=\"Debug\" -isysroot /Applications/Xcode-beta.app/Contents/Developer/Platforms/MacOSX.platform/Developer/SDKs/MacOSX11.3.sdk -fasm-blocks -fstrict-aliasing -Wdeprecated-declarations -Winvalid-offsetof -g -Wno-sign-conversion -Wno-infinite-recursion -Wno-move -Wno-comma -Wno-block-capture-autoreleasing -Wno-strict-prototypes -Wno-range-loop-analysis -Wno-semicolon-before-method-body -I/Users/pw/GitHub/phulkan/xbuild/CMakeFiles/CMakeTmp/Debug/include -I/Users/pw/GitHub/phulkan/xbuild/CMakeFiles/CMakeTmp/CMAKE_TRY_COMPILE.build/Debug/cmTC_893a8.build/DerivedSources-normal/x86_64 -I/Users/pw/GitHub/phulkan/xbuild/CMakeFiles/CMakeTmp/CMAKE_TRY_COMPILE.build/Debug/cmTC_893a8.build/DerivedSources/x86_64 -I/Users/pw/GitHub/phulkan/xbuild/CMakeFiles/CMakeTmp/CMAKE_TRY_COMPILE.build/Debug/cmTC_893a8.build/DerivedSources -F/Users/pw/GitHub/phulkan/xbuild/CMakeFiles/CMakeTmp/Debug -v -Wl -v -MMD -MT dependencies -MF /Users/pw/GitHub/phulkan/xbuild/CMakeFiles/CMakeTmp/CMAKE_TRY_COMPILE.build/Debug/cmTC_893a8.build/Objects-normal/x86_64/CMakeCXXCompilerABI.d --serialize-diagnostics /Users/pw/GitHub/phulkan/xbuild/CMakeFiles/CMakeTmp/CMAKE_TRY_COMPILE.build/Debug/cmTC_893a8.build/Objects-normal/x86_64/CMakeCXXCompilerABI.dia -c /usr/local/Cellar/cmake/3.19.6/share/cmake/Modules/CMakeCXXCompilerABI.cpp -o /Users/pw/GitHub/phulkan/xbuild/CMakeFiles/CMakeTmp/CMAKE_TRY_COMPILE.build/Debug/cmTC_893a8.build/Objects-normal/x86_64/CMakeCXXCompilerABI.o]
  ignore line: [Apple clang version 12.0.5 (clang-1205.0.19.34)]
  ignore line: [Target: x86_64-apple-macos11.2]
  ignore line: [Thread model: posix]
  ignore line: [InstalledDir: /Applications/Xcode-beta.app/Contents/Developer/Toolchains/XcodeDefault.xctoolchain/usr/bin]
  ignore line: [clang: warning: -Wl -v: 'linker' input unused [-Wunused-command-line-argument]]
  ignore line: [ "/Applications/Xcode-beta.app/Contents/Developer/Toolchains/XcodeDefault.xctoolchain/usr/bin/clang" -cc1 -triple x86_64-apple-macosx11.2.0 -Wundef-prefix=TARGET_OS_ -Werror=undef-prefix -Wdeprecated-objc-isa-usage -Werror=deprecated-objc-isa-usage -Werror=implicit-function-declaration -emit-obj -mrelax-all -disable-free -disable-llvm-verifier -discard-value-names -main-file-name CMakeCXXCompilerABI.cpp -mrelocation-model pic -pic-level 2 -mframe-pointer=all -fno-strict-return -fno-rounding-math -munwind-tables -target-sdk-version=11.3 -fvisibility-inlines-hidden-static-local-var -target-cpu penryn -debug-info-kind=standalone -dwarf-version=4 -debugger-tuning=lldb -target-linker-version 650.8 -v -resource-dir /Applications/Xcode-beta.app/Contents/Developer/Toolchains/XcodeDefault.xctoolchain/usr/lib/clang/12.0.5 -dependency-file /Users/pw/GitHub/phulkan/xbuild/CMakeFiles/CMakeTmp/CMAKE_TRY_COMPILE.build/Debug/cmTC_893a8.build/Objects-normal/x86_64/CMakeCXXCompilerABI.d -skip-unused-modulemap-deps -MT dependencies -isysroot /Applications/Xcode-beta.app/Contents/Developer/Platforms/MacOSX.platform/Developer/SDKs/MacOSX11.3.sdk -D "CMAKE_INTDIR=\"Debug\"" -I /Users/pw/GitHub/phulkan/xbuild/CMakeFiles/CMakeTmp/Debug/include -I /Users/pw/GitHub/phulkan/xbuild/CMakeFiles/CMakeTmp/CMAKE_TRY_COMPILE.build/Debug/cmTC_893a8.build/DerivedSources-normal/x86_64 -I /Users/pw/GitHub/phulkan/xbuild/CMakeFiles/CMakeTmp/CMAKE_TRY_COMPILE.build/Debug/cmTC_893a8.build/DerivedSources/x86_64 -I /Users/pw/GitHub/phulkan/xbuild/CMakeFiles/CMakeTmp/CMAKE_TRY_COMPILE.build/Debug/cmTC_893a8.build/DerivedSources -F/Users/pw/GitHub/phulkan/xbuild/CMakeFiles/CMakeTmp/Debug -stdlib=libc++ -internal-isystem /Applications/Xcode-beta.app/Contents/Developer/Platforms/MacOSX.platform/Developer/SDKs/MacOSX11.3.sdk/usr/include/c++/v1 -internal-isystem /Applications/Xcode-beta.app/Contents/Developer/Platforms/MacOSX.platform/Developer/SDKs/MacOSX11.3.sdk/usr/local/include -internal-isystem /Applications/Xcode-beta.app/Contents/Developer/Toolchains/XcodeDefault.xctoolchain/usr/lib/clang/12.0.5/include -internal-externc-isystem /Applications/Xcode-beta.app/Contents/Developer/Platforms/MacOSX.platform/Developer/SDKs/MacOSX11.3.sdk/usr/include -internal-externc-isystem /Applications/Xcode-beta.app/Contents/Developer/Toolchains/XcodeDefault.xctoolchain/usr/include -O0 -Wno-trigraphs -Wno-missing-field-initializers -Wno-missing-prototypes -Wno-return-type -Wno-non-virtual-dtor -Wno-overloaded-virtual -Wno-exit-time-destructors -Wno-missing-braces -Wparentheses -Wswitch -Wno-unused-function -Wno-unused-label -Wno-unused-parameter -Wno-unused-variable -Wunused-value -Wno-empty-body -Wno-uninitialized -Wno-unknown-pragmas -Wno-shadow -Wno-four-char-constants -Wno-conversion -Wno-constant-conversion -Wno-int-conversion -Wno-bool-conversion -Wno-enum-conversion -Wno-float-conversion -Wno-non-literal-null-conversion -Wno-objc-literal-conversion -Wno-shorten-64-to-32 -Wno-newline-eof -Wno-c++11-extensions -Wdeprecated-declarations -Winvalid-offsetof -Wno-sign-conversion -Wno-infinite-recursion -Wno-move -Wno-comma -Wno-block-capture-autoreleasing -Wno-strict-prototypes -Wno-range-loop-analysis -Wno-semicolon-before-method-body -Wno-reorder-init-list -Wno-implicit-int-float-conversion -Wno-c99-designator -Wno-final-dtor-non-final-class -Wno-extra-semi-stmt -Wno-misleading-indentation -Wno-quoted-include-in-framework-header -Wno-implicit-fallthrough -Wno-enum-enum-conversion -Wno-enum-float-conversion -Wno-elaborated-enum-base -fdeprecated-macro -fdebug-compilation-dir /Users/pw/GitHub/phulkan/xbuild/CMakeFiles/CMakeTmp -ferror-limit 19 -fmacro-backtrace-limit 0 -stack-protector 1 -fstack-check -mdarwin-stkchk-strong-link -fblocks -fencode-extended-block-signature -fregister-global-dtors-with-atexit -fgnuc-version=4.2.1 -fcxx-exceptions -fexceptions -fpascal-strings -fmax-type-align=16 -fcommon -fdiagnostics-show-note-include-stack -fasm-blocks -serialize-diagnostic-file /Users/pw/GitHub/phulkan/xbuild/CMakeFiles/CMakeTmp/CMAKE_TRY_COMPILE.build/Debug/cmTC_893a8.build/Objects-normal/x86_64/CMakeCXXCompilerABI.dia -clang-vendor-feature=+disableNonDependentMemberExprInCurrentInstantiation -fno-odr-hash-protocols -mllvm -disable-aligned-alloc-awareness=1 -o /Users/pw/GitHub/phulkan/xbuild/CMakeFiles/CMakeTmp/CMAKE_TRY_COMPILE.build/Debug/cmTC_893a8.build/Objects-normal/x86_64/CMakeCXXCompilerABI.o -x c++ /usr/local/Cellar/cmake/3.19.6/share/cmake/Modules/CMakeCXXCompilerABI.cpp]
  ignore line: [clang -cc1 version 12.0.5 (clang-1205.0.19.34) default target x86_64-apple-darwin20.3.0]
  ignore line: [ignoring nonexistent directory "/Users/pw/GitHub/phulkan/xbuild/CMakeFiles/CMakeTmp/Debug/include"]
  ignore line: [ignoring nonexistent directory "/Users/pw/GitHub/phulkan/xbuild/CMakeFiles/CMakeTmp/CMAKE_TRY_COMPILE.build/Debug/cmTC_893a8.build/DerivedSources-normal/x86_64"]
  ignore line: [ignoring nonexistent directory "/Users/pw/GitHub/phulkan/xbuild/CMakeFiles/CMakeTmp/CMAKE_TRY_COMPILE.build/Debug/cmTC_893a8.build/DerivedSources/x86_64"]
  ignore line: [ignoring nonexistent directory "/Users/pw/GitHub/phulkan/xbuild/CMakeFiles/CMakeTmp/CMAKE_TRY_COMPILE.build/Debug/cmTC_893a8.build/DerivedSources"]
  ignore line: [ignoring nonexistent directory "/Applications/Xcode-beta.app/Contents/Developer/Platforms/MacOSX.platform/Developer/SDKs/MacOSX11.3.sdk/usr/local/include"]
  ignore line: [ignoring nonexistent directory "/Applications/Xcode-beta.app/Contents/Developer/Platforms/MacOSX.platform/Developer/SDKs/MacOSX11.3.sdk/Library/Frameworks"]
  ignore line: [#include "..." search starts here:]
  ignore line: [#include <...> search starts here:]
  ignore line: [ /Users/pw/GitHub/phulkan/xbuild/CMakeFiles/CMakeTmp/Debug (framework directory)]
  ignore line: [ /Applications/Xcode-beta.app/Contents/Developer/Platforms/MacOSX.platform/Developer/SDKs/MacOSX11.3.sdk/usr/include/c++/v1]
  ignore line: [ /Applications/Xcode-beta.app/Contents/Developer/Toolchains/XcodeDefault.xctoolchain/usr/lib/clang/12.0.5/include]
  ignore line: [ /Applications/Xcode-beta.app/Contents/Developer/Platforms/MacOSX.platform/Developer/SDKs/MacOSX11.3.sdk/usr/include]
  ignore line: [ /Applications/Xcode-beta.app/Contents/Developer/Toolchains/XcodeDefault.xctoolchain/usr/include]
  ignore line: [ /Applications/Xcode-beta.app/Contents/Developer/Platforms/MacOSX.platform/Developer/SDKs/MacOSX11.3.sdk/System/Library/Frameworks (framework directory)]
  ignore line: [End of search list.]
  ignore line: []
  ignore line: [WriteAuxiliaryFile /Users/pw/GitHub/phulkan/xbuild/CMakeFiles/CMakeTmp/CMAKE_TRY_COMPILE.build/Debug/cmTC_893a8.build/Objects-normal/x86_64/cmTC_893a8.LinkFileList (in target 'cmTC_893a8' from project 'CMAKE_TRY_COMPILE')]
  ignore line: [    cd /Users/pw/GitHub/phulkan/xbuild/CMakeFiles/CMakeTmp]
  ignore line: [    write-file /Users/pw/GitHub/phulkan/xbuild/CMakeFiles/CMakeTmp/CMAKE_TRY_COMPILE.build/Debug/cmTC_893a8.build/Objects-normal/x86_64/cmTC_893a8.LinkFileList]
  ignore line: []
  ignore line: [Ld /Users/pw/GitHub/phulkan/xbuild/CMakeFiles/CMakeTmp/Debug/cmTC_893a8 normal (in target 'cmTC_893a8' from project 'CMAKE_TRY_COMPILE')]
  ignore line: [    cd /Users/pw/GitHub/phulkan/xbuild/CMakeFiles/CMakeTmp]
  ignore line: [    /Applications/Xcode-beta.app/Contents/Developer/Toolchains/XcodeDefault.xctoolchain/usr/bin/clang++ -target x86_64-apple-macos11.2 -isysroot /Applications/Xcode-beta.app/Contents/Developer/Platforms/MacOSX.platform/Developer/SDKs/MacOSX11.3.sdk -L/Users/pw/GitHub/phulkan/xbuild/CMakeFiles/CMakeTmp/Debug -F/Users/pw/GitHub/phulkan/xbuild/CMakeFiles/CMakeTmp/Debug -filelist /Users/pw/GitHub/phulkan/xbuild/CMakeFiles/CMakeTmp/CMAKE_TRY_COMPILE.build/Debug/cmTC_893a8.build/Objects-normal/x86_64/cmTC_893a8.LinkFileList -Xlinker -object_path_lto -Xlinker /Users/pw/GitHub/phulkan/xbuild/CMakeFiles/CMakeTmp/CMAKE_TRY_COMPILE.build/Debug/cmTC_893a8.build/Objects-normal/x86_64/cmTC_893a8_lto.o -Xlinker -no_deduplicate -L/usr/local/opt/qt/lib -v -Wl -v -Wl -search_paths_first -Wl -headerpad_max_install_names -Xlinker -dependency_info -Xlinker /Users/pw/GitHub/phulkan/xbuild/CMakeFiles/CMakeTmp/CMAKE_TRY_COMPILE.build/Debug/cmTC_893a8.build/Objects-normal/x86_64/cmTC_893a8_dependency_info.dat -o /Users/pw/GitHub/phulkan/xbuild/CMakeFiles/CMakeTmp/Debug/cmTC_893a8]
  ignore line: [Apple clang version 12.0.5 (clang-1205.0.19.34)]
  ignore line: [Target: x86_64-apple-macos11.2]
  ignore line: [Thread model: posix]
  ignore line: [InstalledDir: /Applications/Xcode-beta.app/Contents/Developer/Toolchains/XcodeDefault.xctoolchain/usr/bin]
  reduced line: [ "/Applications/Xcode-beta.app/Contents/Developer/Toolchains/XcodeDefault.xctoolchain/usr/bin/ld" -demangle -lto_library /Applications/Xcode-beta.app/Contents/Developer/Toolchains/XcodeDefault.xctoolchain/usr/lib/libLTO.dylib -dynamic -arch x86_64 -platform_version macos 11.2.0 11.3 -syslibroot /Applications/Xcode-beta.app/Contents/Developer/Platforms/MacOSX.platform/Developer/SDKs/MacOSX11.3.sdk -o /Users/pw/GitHub/phulkan/xbuild/CMakeFiles/CMakeTmp/Debug/cmTC_893a8 -L/Users/pw/GitHub/phulkan/xbuild/CMakeFiles/CMakeTmp/Debug -L/usr/local/opt/qt/lib -filelist /Users/pw/GitHub/phulkan/xbuild/CMakeFiles/CMakeTmp/CMAKE_TRY_COMPILE.build/Debug/cmTC_893a8.build/Objects-normal/x86_64/cmTC_893a8.LinkFileList -object_path_lto /Users/pw/GitHub/phulkan/xbuild/CMakeFiles/CMakeTmp/CMAKE_TRY_COMPILE.build/Debug/cmTC_893a8.build/Objects-normal/x86_64/cmTC_893a8_lto.o -no_deduplicate -v -search_paths_first -headerpad_max_install_names -dependency_info /Users/pw/GitHub/phulkan/xbuild/CMakeFiles/CMakeTmp/CMAKE_TRY_COMPILE.build/Debug/cmTC_893a8.build/Objects-normal/x86_64/cmTC_893a8_dependency_info.dat -lc++ -lSystem /Applications/Xcode-beta.app/Contents/Developer/Toolchains/XcodeDefault.xctoolchain/usr/lib/clang/12.0.5/lib/darwin/libclang_rt.osx.a -F/Users/pw/GitHub/phulkan/xbuild/CMakeFiles/CMakeTmp/Debug]
            to: [ "/Applications/Xcode-beta.app/Contents/Developer/Toolchains/XcodeDefault.xctoolchain/usr/bin/ld" -demangle -lto_library /Applications/Xcode-beta.app/Contents/Developer/Toolchains/XcodeDefault.xctoolchain/usr/lib/libLTO.dylib -dynamic -arch x86_64 -platform_version macos 11.2.0 11.3 -syslibroot /Applications/Xcode-beta.app/Contents/Developer/Platforms/MacOSX.platform/Developer/SDKs/MacOSX11.3.sdk -o /Users/pw/GitHub/phulkan/xbuild/CMakeFiles/CMakeTmp/Debug/cmTC_893a8 -L/usr/local/opt/qt/lib -filelist /Users/pw/GitHub/phulkan/xbuild/CMakeFiles/CMakeTmp/CMAKE_TRY_COMPILE.build/Debug/cmTC_893a8.build/Objects-normal/x86_64/cmTC_893a8.LinkFileList -object_path_lto /Users/pw/GitHub/phulkan/xbuild/CMakeFiles/CMakeTmp/CMAKE_TRY_COMPILE.build/Debug/cmTC_893a8.build/Objects-normal/x86_64/cmTC_893a8_lto.o -no_deduplicate -v -search_paths_first -headerpad_max_install_names -dependency_info /Users/pw/GitHub/phulkan/xbuild/CMakeFiles/CMakeTmp/CMAKE_TRY_COMPILE.build/Debug/cmTC_893a8.build/Objects-normal/x86_64/cmTC_893a8_dependency_info.dat -lc++ -lSystem /Applications/Xcode-beta.app/Contents/Developer/Toolchains/XcodeDefault.xctoolchain/usr/lib/clang/12.0.5/lib/darwin/libclang_rt.osx.a ]
  link line: [ "/Applications/Xcode-beta.app/Contents/Developer/Toolchains/XcodeDefault.xctoolchain/usr/bin/ld" -demangle -lto_library /Applications/Xcode-beta.app/Contents/Developer/Toolchains/XcodeDefault.xctoolchain/usr/lib/libLTO.dylib -dynamic -arch x86_64 -platform_version macos 11.2.0 11.3 -syslibroot /Applications/Xcode-beta.app/Contents/Developer/Platforms/MacOSX.platform/Developer/SDKs/MacOSX11.3.sdk -o /Users/pw/GitHub/phulkan/xbuild/CMakeFiles/CMakeTmp/Debug/cmTC_893a8 -L/usr/local/opt/qt/lib -filelist /Users/pw/GitHub/phulkan/xbuild/CMakeFiles/CMakeTmp/CMAKE_TRY_COMPILE.build/Debug/cmTC_893a8.build/Objects-normal/x86_64/cmTC_893a8.LinkFileList -object_path_lto /Users/pw/GitHub/phulkan/xbuild/CMakeFiles/CMakeTmp/CMAKE_TRY_COMPILE.build/Debug/cmTC_893a8.build/Objects-normal/x86_64/cmTC_893a8_lto.o -no_deduplicate -v -search_paths_first -headerpad_max_install_names -dependency_info /Users/pw/GitHub/phulkan/xbuild/CMakeFiles/CMakeTmp/CMAKE_TRY_COMPILE.build/Debug/cmTC_893a8.build/Objects-normal/x86_64/cmTC_893a8_dependency_info.dat -lc++ -lSystem /Applications/Xcode-beta.app/Contents/Developer/Toolchains/XcodeDefault.xctoolchain/usr/lib/clang/12.0.5/lib/darwin/libclang_rt.osx.a ]
    arg [/Applications/Xcode-beta.app/Contents/Developer/Toolchains/XcodeDefault.xctoolchain/usr/bin/ld] ==> ignore
    arg [-demangle] ==> ignore
    arg [-lto_library] ==> ignore, skip following value
    arg [/Applications/Xcode-beta.app/Contents/Developer/Toolchains/XcodeDefault.xctoolchain/usr/lib/libLTO.dylib] ==> skip value of -lto_library
    arg [-dynamic] ==> ignore
    arg [-arch] ==> ignore
    arg [x86_64] ==> ignore
    arg [-platform_version] ==> ignore
    arg [macos] ==> ignore
    arg [11.2.0] ==> ignore
    arg [11.3] ==> ignore
    arg [-syslibroot] ==> ignore
    arg [/Applications/Xcode-beta.app/Contents/Developer/Platforms/MacOSX.platform/Developer/SDKs/MacOSX11.3.sdk] ==> ignore
    arg [-o] ==> ignore
    arg [/Users/pw/GitHub/phulkan/xbuild/CMakeFiles/CMakeTmp/Debug/cmTC_893a8] ==> ignore
    arg [-L/usr/local/opt/qt/lib] ==> dir [/usr/local/opt/qt/lib]
    arg [-filelist] ==> ignore
    arg [/Users/pw/GitHub/phulkan/xbuild/CMakeFiles/CMakeTmp/CMAKE_TRY_COMPILE.build/Debug/cmTC_893a8.build/Objects-normal/x86_64/cmTC_893a8.LinkFileList] ==> ignore
    arg [-object_path_lto] ==> ignore
    arg [/Users/pw/GitHub/phulkan/xbuild/CMakeFiles/CMakeTmp/CMAKE_TRY_COMPILE.build/Debug/cmTC_893a8.build/Objects-normal/x86_64/cmTC_893a8_lto.o] ==> ignore
    arg [-no_deduplicate] ==> ignore
    arg [-v] ==> ignore
    arg [-search_paths_first] ==> ignore
    arg [-headerpad_max_install_names] ==> ignore
    arg [-dependency_info] ==> ignore
    arg [/Users/pw/GitHub/phulkan/xbuild/CMakeFiles/CMakeTmp/CMAKE_TRY_COMPILE.build/Debug/cmTC_893a8.build/Objects-normal/x86_64/cmTC_893a8_dependency_info.dat] ==> ignore
    arg [-lc++] ==> lib [c++]
    arg [-lSystem] ==> lib [System]
    arg [/Applications/Xcode-beta.app/Contents/Developer/Toolchains/XcodeDefault.xctoolchain/usr/lib/clang/12.0.5/lib/darwin/libclang_rt.osx.a] ==> lib [/Applications/Xcode-beta.app/Contents/Developer/Toolchains/XcodeDefault.xctoolchain/usr/lib/clang/12.0.5/lib/darwin/libclang_rt.osx.a]
  Library search paths: [;/Users/pw/GitHub/phulkan/xbuild/CMakeFiles/CMakeTmp/Debug;/usr/local/opt/qt/lib;/Applications/Xcode-beta.app/Contents/Developer/Platforms/MacOSX.platform/Developer/SDKs/MacOSX11.3.sdk/usr/lib]
  Framework search paths: [;/Users/pw/GitHub/phulkan/xbuild/CMakeFiles/CMakeTmp/Debug;/Applications/Xcode-beta.app/Contents/Developer/Platforms/MacOSX.platform/Developer/SDKs/MacOSX11.3.sdk/System/Library/Frameworks/]
  remove lib [System]
  remove lib [/Applications/Xcode-beta.app/Contents/Developer/Toolchains/XcodeDefault.xctoolchain/usr/lib/clang/12.0.5/lib/darwin/libclang_rt.osx.a]
  collapse library dir [/usr/local/opt/qt/lib] ==> [/usr/local/opt/qt/lib]
  collapse library dir [/Users/pw/GitHub/phulkan/xbuild/CMakeFiles/CMakeTmp/Debug] ==> [/Users/pw/GitHub/phulkan/xbuild/CMakeFiles/CMakeTmp/Debug], skipping non-system directory
  collapse library dir [/usr/local/opt/qt/lib] ==> [/usr/local/opt/qt/lib]
  collapse library dir [/Applications/Xcode-beta.app/Contents/Developer/Platforms/MacOSX.platform/Developer/SDKs/MacOSX11.3.sdk/usr/lib] ==> [/Applications/Xcode-beta.app/Contents/Developer/Platforms/MacOSX.platform/Developer/SDKs/MacOSX11.3.sdk/usr/lib]
  collapse framework dir [/Users/pw/GitHub/phulkan/xbuild/CMakeFiles/CMakeTmp/Debug] ==> [/Users/pw/GitHub/phulkan/xbuild/CMakeFiles/CMakeTmp/Debug], skipping non-system directory
  collapse framework dir [/Applications/Xcode-beta.app/Contents/Developer/Platforms/MacOSX.platform/Developer/SDKs/MacOSX11.3.sdk/System/Library/Frameworks/] ==> [/Applications/Xcode-beta.app/Contents/Developer/Platforms/MacOSX.platform/Developer/SDKs/MacOSX11.3.sdk/System/Library/Frameworks]
  implicit libs: [c++]
  implicit dirs: [/usr/local/opt/qt/lib;/Applications/Xcode-beta.app/Contents/Developer/Platforms/MacOSX.platform/Developer/SDKs/MacOSX11.3.sdk/usr/lib]
  implicit fwks: [/Applications/Xcode-beta.app/Contents/Developer/Platforms/MacOSX.platform/Developer/SDKs/MacOSX11.3.sdk/System/Library/Frameworks]


Determining if the include file pthread.h exists passed with the following output:
Change Dir: /Users/pw/GitHub/phulkan/xbuild/CMakeFiles/CMakeTmp

Run Build Command(s):/usr/bin/xcodebuild -project CMAKE_TRY_COMPILE.xcodeproj build -target cmTC_4ca00 -parallelizeTargets -configuration Debug -hideShellScriptEnvironment && Command line invocation:
    /Applications/Xcode-beta.app/Contents/Developer/usr/bin/xcodebuild -project CMAKE_TRY_COMPILE.xcodeproj build -target cmTC_4ca00 -parallelizeTargets -configuration Debug -hideShellScriptEnvironment

User defaults from command line:
    HideShellScriptEnvironment = YES
    IDEPackageSupportUseBuiltinSCM = YES

2021-02-27 15:49:54.284 xcodebuild[58480:1341534]  DVTAssertions: Warning in /Library/Caches/com.apple.xbs/Sources/DVTiOSFrameworks/DVTiOSFrameworks-18101/DTDeviceKitBase/DTDKRemoteDeviceData.m:371
Details:  (null) deviceType from 00008020-001D30223C20802E was NULL when -platform called.
Object:   <DTDKMobileDeviceToken: 0x7ff0ce78d600>
Method:   -platform
Thread:   <NSThread: 0x7ff0d12fa050>{number = 6, name = (null)}
Please file a bug at https://feedbackassistant.apple.com with this warning message and any useful information you can provide.
note: Using new build system
note: Building targets in parallel
note: Planning build
note: Analyzing workspace
note: Constructing build description
note: Build preparation complete
CreateBuildDirectory /Users/pw/GitHub/phulkan/xbuild/CMakeFiles/CMakeTmp
    cd /Users/pw/GitHub/phulkan/xbuild/CMakeFiles/CMakeTmp/CMAKE_TRY_COMPILE.xcodeproj
    builtin-create-build-directory /Users/pw/GitHub/phulkan/xbuild/CMakeFiles/CMakeTmp

CreateBuildDirectory /Users/pw/GitHub/phulkan/xbuild/CMakeFiles/CMakeTmp/Debug
    cd /Users/pw/GitHub/phulkan/xbuild/CMakeFiles/CMakeTmp/CMAKE_TRY_COMPILE.xcodeproj
    builtin-create-build-directory /Users/pw/GitHub/phulkan/xbuild/CMakeFiles/CMakeTmp/Debug

CompileC /Users/pw/GitHub/phulkan/xbuild/CMakeFiles/CMakeTmp/CMAKE_TRY_COMPILE.build/Debug/cmTC_4ca00.build/Objects-normal/x86_64/CheckIncludeFile.o /Users/pw/GitHub/phulkan/xbuild/CMakeFiles/CMakeTmp/CheckIncludeFile.cxx normal x86_64 c++ com.apple.compilers.llvm.clang.1_0.compiler (in target 'cmTC_4ca00' from project 'CMAKE_TRY_COMPILE')
    cd /Users/pw/GitHub/phulkan/xbuild/CMakeFiles/CMakeTmp
    /Applications/Xcode-beta.app/Contents/Developer/Toolchains/XcodeDefault.xctoolchain/usr/bin/clang -x c++ -target x86_64-apple-macos11.2 -fmessage-length\=0 -fdiagnostics-show-note-include-stack -fmacro-backtrace-limit\=0 -Wno-trigraphs -fpascal-strings -O0 -Wno-missing-field-initializers -Wno-missing-prototypes -Wno-return-type -Wno-non-virtual-dtor -Wno-overloaded-virtual -Wno-exit-time-destructors -Wno-missing-braces -Wparentheses -Wswitch -Wno-unused-function -Wno-unused-label -Wno-unused-parameter -Wno-unused-variable -Wunused-value -Wno-empty-body -Wno-uninitialized -Wno-unknown-pragmas -Wno-shadow -Wno-four-char-constants -Wno-conversion -Wno-constant-conversion -Wno-int-conversion -Wno-bool-conversion -Wno-enum-conversion -Wno-float-conversion -Wno-non-literal-null-conversion -Wno-objc-literal-conversion -Wno-shorten-64-to-32 -Wno-newline-eof -Wno-c++11-extensions -DCMAKE_INTDIR\=\"Debug\" -isysroot /Applications/Xcode-beta.app/Contents/Developer/Platforms/MacOSX.platform/Developer/SDKs/MacOSX11.3.sdk -fasm-blocks -fstrict-aliasing -Wdeprecated-declarations -Winvalid-offsetof -g -Wno-sign-conversion -Wno-infinite-recursion -Wno-move -Wno-comma -Wno-block-capture-autoreleasing -Wno-strict-prototypes -Wno-range-loop-analysis -Wno-semicolon-before-method-body -I/Users/pw/GitHub/phulkan/xbuild/CMakeFiles/CMakeTmp/Debug/include -I/Users/pw/GitHub/phulkan/xbuild/CMakeFiles/CMakeTmp/CMAKE_TRY_COMPILE.build/Debug/cmTC_4ca00.build/DerivedSources-normal/x86_64 -I/Users/pw/GitHub/phulkan/xbuild/CMakeFiles/CMakeTmp/CMAKE_TRY_COMPILE.build/Debug/cmTC_4ca00.build/DerivedSources/x86_64 -I/Users/pw/GitHub/phulkan/xbuild/CMakeFiles/CMakeTmp/CMAKE_TRY_COMPILE.build/Debug/cmTC_4ca00.build/DerivedSources -F/Users/pw/GitHub/phulkan/xbuild/CMakeFiles/CMakeTmp/Debug -std\=gnu++2a -MMD -MT dependencies -MF /Users/pw/GitHub/phulkan/xbuild/CMakeFiles/CMakeTmp/CMAKE_TRY_COMPILE.build/Debug/cmTC_4ca00.build/Objects-normal/x86_64/CheckIncludeFile.d --serialize-diagnostics /Users/pw/GitHub/phulkan/xbuild/CMakeFiles/CMakeTmp/CMAKE_TRY_COMPILE.build/Debug/cmTC_4ca00.build/Objects-normal/x86_64/CheckIncludeFile.dia -c /Users/pw/GitHub/phulkan/xbuild/CMakeFiles/CMakeTmp/CheckIncludeFile.cxx -o /Users/pw/GitHub/phulkan/xbuild/CMakeFiles/CMakeTmp/CMAKE_TRY_COMPILE.build/Debug/cmTC_4ca00.build/Objects-normal/x86_64/CheckIncludeFile.o

WriteAuxiliaryFile /Users/pw/GitHub/phulkan/xbuild/CMakeFiles/CMakeTmp/CMAKE_TRY_COMPILE.build/Debug/cmTC_4ca00.build/Objects-normal/x86_64/cmTC_4ca00.LinkFileList (in target 'cmTC_4ca00' from project 'CMAKE_TRY_COMPILE')
    cd /Users/pw/GitHub/phulkan/xbuild/CMakeFiles/CMakeTmp
    write-file /Users/pw/GitHub/phulkan/xbuild/CMakeFiles/CMakeTmp/CMAKE_TRY_COMPILE.build/Debug/cmTC_4ca00.build/Objects-normal/x86_64/cmTC_4ca00.LinkFileList

Ld /Users/pw/GitHub/phulkan/xbuild/CMakeFiles/CMakeTmp/Debug/cmTC_4ca00 normal (in target 'cmTC_4ca00' from project 'CMAKE_TRY_COMPILE')
    cd /Users/pw/GitHub/phulkan/xbuild/CMakeFiles/CMakeTmp
    /Applications/Xcode-beta.app/Contents/Developer/Toolchains/XcodeDefault.xctoolchain/usr/bin/clang++ -target x86_64-apple-macos11.2 -isysroot /Applications/Xcode-beta.app/Contents/Developer/Platforms/MacOSX.platform/Developer/SDKs/MacOSX11.3.sdk -L/Users/pw/GitHub/phulkan/xbuild/CMakeFiles/CMakeTmp/Debug -F/Users/pw/GitHub/phulkan/xbuild/CMakeFiles/CMakeTmp/Debug -filelist /Users/pw/GitHub/phulkan/xbuild/CMakeFiles/CMakeTmp/CMAKE_TRY_COMPILE.build/Debug/cmTC_4ca00.build/Objects-normal/x86_64/cmTC_4ca00.LinkFileList -Xlinker -object_path_lto -Xlinker /Users/pw/GitHub/phulkan/xbuild/CMakeFiles/CMakeTmp/CMAKE_TRY_COMPILE.build/Debug/cmTC_4ca00.build/Objects-normal/x86_64/cmTC_4ca00_lto.o -Xlinker -no_deduplicate -L/usr/local/opt/qt/lib -Wl,-search_paths_first -Wl,-headerpad_max_install_names -Xlinker -dependency_info -Xlinker /Users/pw/GitHub/phulkan/xbuild/CMakeFiles/CMakeTmp/CMAKE_TRY_COMPILE.build/Debug/cmTC_4ca00.build/Objects-normal/x86_64/cmTC_4ca00_dependency_info.dat -o /Users/pw/GitHub/phulkan/xbuild/CMakeFiles/CMakeTmp/Debug/cmTC_4ca00

RegisterExecutionPolicyException /Users/pw/GitHub/phulkan/xbuild/CMakeFiles/CMakeTmp/Debug/cmTC_4ca00 (in target 'cmTC_4ca00' from project 'CMAKE_TRY_COMPILE')
    cd /Users/pw/GitHub/phulkan/xbuild/CMakeFiles/CMakeTmp
    builtin-RegisterExecutionPolicyException /Users/pw/GitHub/phulkan/xbuild/CMakeFiles/CMakeTmp/Debug/cmTC_4ca00

** BUILD SUCCEEDED **




Performing C++ SOURCE FILE Test CMAKE_HAVE_LIBC_PTHREAD succeeded with the following output:
Change Dir: /Users/pw/GitHub/phulkan/xbuild/CMakeFiles/CMakeTmp

Run Build Command(s):/usr/bin/xcodebuild -project CMAKE_TRY_COMPILE.xcodeproj build -target cmTC_56871 -parallelizeTargets -configuration Debug -hideShellScriptEnvironment && Command line invocation:
    /Applications/Xcode-beta.app/Contents/Developer/usr/bin/xcodebuild -project CMAKE_TRY_COMPILE.xcodeproj build -target cmTC_56871 -parallelizeTargets -configuration Debug -hideShellScriptEnvironment

User defaults from command line:
    HideShellScriptEnvironment = YES
    IDEPackageSupportUseBuiltinSCM = YES

2021-02-27 15:49:57.642 xcodebuild[58497:1341799]  DVTAssertions: Warning in /Library/Caches/com.apple.xbs/Sources/DVTiOSFrameworks/DVTiOSFrameworks-18101/DTDeviceKitBase/DTDKRemoteDeviceData.m:371
Details:  (null) deviceType from 00008020-001D30223C20802E was NULL when -platform called.
Object:   <DTDKMobileDeviceToken: 0x7f98606c7a70>
Method:   -platform
Thread:   <NSThread: 0x7f985e704b60>{number = 3, name = (null)}
Please file a bug at https://feedbackassistant.apple.com with this warning message and any useful information you can provide.
note: Using new build system
note: Building targets in parallel
note: Planning build
note: Analyzing workspace
note: Constructing build description
note: Build preparation complete
CreateBuildDirectory /Users/pw/GitHub/phulkan/xbuild/CMakeFiles/CMakeTmp
    cd /Users/pw/GitHub/phulkan/xbuild/CMakeFiles/CMakeTmp/CMAKE_TRY_COMPILE.xcodeproj
    builtin-create-build-directory /Users/pw/GitHub/phulkan/xbuild/CMakeFiles/CMakeTmp

CreateBuildDirectory /Users/pw/GitHub/phulkan/xbuild/CMakeFiles/CMakeTmp/Debug
    cd /Users/pw/GitHub/phulkan/xbuild/CMakeFiles/CMakeTmp/CMAKE_TRY_COMPILE.xcodeproj
    builtin-create-build-directory /Users/pw/GitHub/phulkan/xbuild/CMakeFiles/CMakeTmp/Debug

CompileC /Users/pw/GitHub/phulkan/xbuild/CMakeFiles/CMakeTmp/CMAKE_TRY_COMPILE.build/Debug/cmTC_56871.build/Objects-normal/x86_64/src.o /Users/pw/GitHub/phulkan/xbuild/CMakeFiles/CMakeTmp/src.cxx normal x86_64 c++ com.apple.compilers.llvm.clang.1_0.compiler (in target 'cmTC_56871' from project 'CMAKE_TRY_COMPILE')
    cd /Users/pw/GitHub/phulkan/xbuild/CMakeFiles/CMakeTmp
    /Applications/Xcode-beta.app/Contents/Developer/Toolchains/XcodeDefault.xctoolchain/usr/bin/clang -x c++ -target x86_64-apple-macos11.2 -fmessage-length\=0 -fdiagnostics-show-note-include-stack -fmacro-backtrace-limit\=0 -Wno-trigraphs -fpascal-strings -O0 -Wno-missing-field-initializers -Wno-missing-prototypes -Wno-return-type -Wno-non-virtual-dtor -Wno-overloaded-virtual -Wno-exit-time-destructors -Wno-missing-braces -Wparentheses -Wswitch -Wno-unused-function -Wno-unused-label -Wno-unused-parameter -Wno-unused-variable -Wunused-value -Wno-empty-body -Wno-uninitialized -Wno-unknown-pragmas -Wno-shadow -Wno-four-char-constants -Wno-conversion -Wno-constant-conversion -Wno-int-conversion -Wno-bool-conversion -Wno-enum-conversion -Wno-float-conversion -Wno-non-literal-null-conversion -Wno-objc-literal-conversion -Wno-shorten-64-to-32 -Wno-newline-eof -Wno-c++11-extensions -DCMAKE_INTDIR\=\"Debug\" -DCMAKE_HAVE_LIBC_PTHREAD -isysroot /Applications/Xcode-beta.app/Contents/Developer/Platforms/MacOSX.platform/Developer/SDKs/MacOSX11.3.sdk -fasm-blocks -fstrict-aliasing -Wdeprecated-declarations -Winvalid-offsetof -g -Wno-sign-conversion -Wno-infinite-recursion -Wno-move -Wno-comma -Wno-block-capture-autoreleasing -Wno-strict-prototypes -Wno-range-loop-analysis -Wno-semicolon-before-method-body -I/Users/pw/GitHub/phulkan/xbuild/CMakeFiles/CMakeTmp/Debug/include -I/Users/pw/GitHub/phulkan/xbuild/CMakeFiles/CMakeTmp/CMAKE_TRY_COMPILE.build/Debug/cmTC_56871.build/DerivedSources-normal/x86_64 -I/Users/pw/GitHub/phulkan/xbuild/CMakeFiles/CMakeTmp/CMAKE_TRY_COMPILE.build/Debug/cmTC_56871.build/DerivedSources/x86_64 -I/Users/pw/GitHub/phulkan/xbuild/CMakeFiles/CMakeTmp/CMAKE_TRY_COMPILE.build/Debug/cmTC_56871.build/DerivedSources -F/Users/pw/GitHub/phulkan/xbuild/CMakeFiles/CMakeTmp/Debug -std\=gnu++2a -MMD -MT dependencies -MF /Users/pw/GitHub/phulkan/xbuild/CMakeFiles/CMakeTmp/CMAKE_TRY_COMPILE.build/Debug/cmTC_56871.build/Objects-normal/x86_64/src.d --serialize-diagnostics /Users/pw/GitHub/phulkan/xbuild/CMakeFiles/CMakeTmp/CMAKE_TRY_COMPILE.build/Debug/cmTC_56871.build/Objects-normal/x86_64/src.dia -c /Users/pw/GitHub/phulkan/xbuild/CMakeFiles/CMakeTmp/src.cxx -o /Users/pw/GitHub/phulkan/xbuild/CMakeFiles/CMakeTmp/CMAKE_TRY_COMPILE.build/Debug/cmTC_56871.build/Objects-normal/x86_64/src.o

WriteAuxiliaryFile /Users/pw/GitHub/phulkan/xbuild/CMakeFiles/CMakeTmp/CMAKE_TRY_COMPILE.build/Debug/cmTC_56871.build/Objects-normal/x86_64/cmTC_56871.LinkFileList (in target 'cmTC_56871' from project 'CMAKE_TRY_COMPILE')
    cd /Users/pw/GitHub/phulkan/xbuild/CMakeFiles/CMakeTmp
    write-file /Users/pw/GitHub/phulkan/xbuild/CMakeFiles/CMakeTmp/CMAKE_TRY_COMPILE.build/Debug/cmTC_56871.build/Objects-normal/x86_64/cmTC_56871.LinkFileList

Ld /Users/pw/GitHub/phulkan/xbuild/CMakeFiles/CMakeTmp/Debug/cmTC_56871 normal (in target 'cmTC_56871' from project 'CMAKE_TRY_COMPILE')
    cd /Users/pw/GitHub/phulkan/xbuild/CMakeFiles/CMakeTmp
    /Applications/Xcode-beta.app/Contents/Developer/Toolchains/XcodeDefault.xctoolchain/usr/bin/clang++ -target x86_64-apple-macos11.2 -isysroot /Applications/Xcode-beta.app/Contents/Developer/Platforms/MacOSX.platform/Developer/SDKs/MacOSX11.3.sdk -L/Users/pw/GitHub/phulkan/xbuild/CMakeFiles/CMakeTmp/Debug -F/Users/pw/GitHub/phulkan/xbuild/CMakeFiles/CMakeTmp/Debug -filelist /Users/pw/GitHub/phulkan/xbuild/CMakeFiles/CMakeTmp/CMAKE_TRY_COMPILE.build/Debug/cmTC_56871.build/Objects-normal/x86_64/cmTC_56871.LinkFileList -Xlinker -object_path_lto -Xlinker /Users/pw/GitHub/phulkan/xbuild/CMakeFiles/CMakeTmp/CMAKE_TRY_COMPILE.build/Debug/cmTC_56871.build/Objects-normal/x86_64/cmTC_56871_lto.o -Xlinker -no_deduplicate -L/usr/local/opt/qt/lib -Wl,-search_paths_first -Wl,-headerpad_max_install_names -Xlinker -dependency_info -Xlinker /Users/pw/GitHub/phulkan/xbuild/CMakeFiles/CMakeTmp/CMAKE_TRY_COMPILE.build/Debug/cmTC_56871.build/Objects-normal/x86_64/cmTC_56871_dependency_info.dat -o /Users/pw/GitHub/phulkan/xbuild/CMakeFiles/CMakeTmp/Debug/cmTC_56871

RegisterExecutionPolicyException /Users/pw/GitHub/phulkan/xbuild/CMakeFiles/CMakeTmp/Debug/cmTC_56871 (in target 'cmTC_56871' from project 'CMAKE_TRY_COMPILE')
    cd /Users/pw/GitHub/phulkan/xbuild/CMakeFiles/CMakeTmp
    builtin-RegisterExecutionPolicyException /Users/pw/GitHub/phulkan/xbuild/CMakeFiles/CMakeTmp/Debug/cmTC_56871

** BUILD SUCCEEDED **



Source file was:
#include <pthread.h>

static void* test_func(void* data)
{
  return data;
}

int main(void)
{
  pthread_t thread;
  pthread_create(&thread, NULL, test_func, NULL);
  pthread_detach(thread);
  pthread_cancel(thread);
  pthread_join(thread, NULL);
  pthread_atfork(NULL, NULL, NULL);
  pthread_exit(NULL);

  return 0;
}

